/home/gilb2720/Desktop/textproject/include/Parse.h:18: Warning: explicit link request to 'addItem::itemName' could not be resolved
<unknown>:13: Warning: explicit link request to 'addItem::itemName' could not be resolved
<unknown>:15: Warning: explicit link request to 'addItem' could not be resolved
/home/gilb2720/Desktop/textproject/src/Parse.cc:223: Warning: explicit link request to 'movementIfItem::ItemName::Area::Print' could not be resolved
<unknown>:9: Warning: explicit link request to 'movementIfItem' could not be resolved
<unknown>:11: Warning: explicit link request to 'movementIfItem::ItemName' could not be resolved
<unknown>:13: Warning: explicit link request to 'movementIfItem::ItemName::Area' could not be resolved
<unknown>:15: Warning: explicit link request to 'movementIfItem::ItemName::Area::Print' could not be resolved
/home/gilb2720/Desktop/textproject/include/Parse.h:26: Warning: explicit link request to 'ifHaveItem::itemName::Print' could not be resolved
<unknown>:7: Warning: explicit link request to 'ifHaveItem::itemName::Print' could not be resolved
<unknown>:14: Warning: explicit link request to 'ifHaveItem::itemName' could not be resolved
<unknown>:16: Warning: explicit link request to 'ifHaveItem' could not be resolved
<unknown>:16: Warning: explicit link request to 'Print' could not be resolved
<unknown>:18: Warning: explicit link request to 'ifHaveItem::itemName::Print' could not be resolved
<unknown>:21: Warning: explicit link request to 'Print' could not be resolved
<unknown>:22: Warning: explicit link request to 'ifHaveItem::itemName' could not be resolved
<unknown>:24: Warning: explicit link request to 'ifHaveItem::itemName::Print' could not be resolved
<unknown>:26: Warning: explicit link request to 'ifHaveItem::itemName::Print' could not be resolved
<unknown>:28: Warning: explicit link request to 'ifHaveItem::itemName' could not be resolved
<unknown>:30: Warning: explicit link request to 'ifHaveItem::itemName::Print' could not be resolved
/home/gilb2720/Desktop/textproject/include/Parse.h:34: Warning: explicit link request to 'Area.txt' could not be resolved
/home/gilb2720/Desktop/textproject/include/Parse.h:35: Warning: explicit link request to 'Print' could not be resolved
/home/gilb2720/Desktop/textproject/include/Parse.h:36: Warning: explicit link request to 'movement::Area::Print' could not be resolved
<unknown>:11: Warning: explicit link request to 'movement::Area' could not be resolved
<unknown>:13: Warning: explicit link request to 'movement' could not be resolved
<unknown>:13: Warning: explicit link request to 'Print' could not be resolved
<unknown>:15: Warning: explicit link request to 'movement::Area::Print' could not be resolved
<unknown>:17: Warning: explicit link request to 'movement::Area' could not be resolved
/home/gilb2720/Desktop/textproject/src/Parse.cc:157: Warning: explicit link request to 'takeAction::actionName::Print' could not be resolved
<unknown>:-1: Warning: explicit link request to 'takeAction::actionName::Print' could not be resolved
<unknown>:5: Warning: explicit link request to 'takeAction::actionName' could not be resolved
<unknown>:7: Warning: explicit link request to 'takeAction' could not be resolved
<unknown>:7: Warning: explicit link request to 'Print' could not be resolved
<unknown>:9: Warning: explicit link request to 'takeAction::actionName::Print' could not be resolved
<unknown>:12: Warning: explicit link request to 'Print' could not be resolved
<unknown>:13: Warning: explicit link request to 'takeAction::actionName' could not be resolved
<unknown>:15: Warning: explicit link request to 'takeAction::actionName::Print' could not be resolved
<unknown>:17: Warning: explicit link request to 'takeAction::actionName::Print' could not be resolved
<unknown>:19: Warning: explicit link request to 'takeAction::actionName' could not be resolved
<unknown>:21: Warning: explicit link request to 'takeAction::actionName::Print' could not be resolved
<unknown>:23: Warning: explicit link request to 'movement::Area' could not be resolved
<unknown>:25: Warning: explicit link request to 'takeAction::actionName::Print' could not be resolved
<unknown>:27: Warning: explicit link request to 'takeAction::actionName' could not be resolved
/home/gilb2720/Desktop/textproject/include/Parse.h:18: Warning: explicit link request to 'addItem::itemName' could not be resolved
<unknown>:13: Warning: explicit link request to 'addItem::itemName' could not be resolved
<unknown>:15: Warning: explicit link request to 'addItem' could not be resolved
/home/gilb2720/Desktop/textproject/src/Parse.cc:224: Warning: explicit link request to 'ItemName' could not be resolved
/home/gilb2720/Desktop/textproject/src/Parse.cc:225: Warning: explicit link request to 'Area.txt' could not be resolved
/home/gilb2720/Desktop/textproject/src/Parse.cc:226: Warning: explicit link request to 'Print' could not be resolved
/home/gilb2720/Desktop/textproject/src/Parse.cc:227: Warning: explicit link request to 'movementIfItem::ItemName::Area::Print' could not be resolved
/home/gilb2720/Desktop/textproject/src/Parse.cc:235: Warning: explicit link request to 'movementIfItem::ItemName::Area::Print' could not be resolved
<unknown>:9: Warning: explicit link request to 'movementIfItem' could not be resolved
<unknown>:11: Warning: explicit link request to 'movementIfItem::ItemName' could not be resolved
<unknown>:13: Warning: explicit link request to 'movementIfItem::ItemName::Area' could not be resolved
<unknown>:15: Warning: explicit link request to 'movementIfItem::ItemName::Area::Print' could not be resolved
/home/gilb2720/Desktop/textproject/include/Parse.h:26: Warning: explicit link request to 'ifHaveItem::itemName::Print' could not be resolved
<unknown>:7: Warning: explicit link request to 'ifHaveItem::itemName::Print' could not be resolved
<unknown>:14: Warning: explicit link request to 'ifHaveItem::itemName' could not be resolved
<unknown>:16: Warning: explicit link request to 'ifHaveItem' could not be resolved
<unknown>:16: Warning: explicit link request to 'Print' could not be resolved
<unknown>:18: Warning: explicit link request to 'ifHaveItem::itemName::Print' could not be resolved
<unknown>:21: Warning: explicit link request to 'Print' could not be resolved
<unknown>:22: Warning: explicit link request to 'ifHaveItem::itemName' could not be resolved
<unknown>:24: Warning: explicit link request to 'ifHaveItem::itemName::Print' could not be resolved
<unknown>:26: Warning: explicit link request to 'ifHaveItem::itemName::Print' could not be resolved
<unknown>:28: Warning: explicit link request to 'ifHaveItem::itemName' could not be resolved
<unknown>:30: Warning: explicit link request to 'ifHaveItem::itemName::Print' could not be resolved
/home/gilb2720/Desktop/textproject/include/Parse.h:34: Warning: explicit link request to 'Area.txt' could not be resolved
/home/gilb2720/Desktop/textproject/include/Parse.h:35: Warning: explicit link request to 'Print' could not be resolved
/home/gilb2720/Desktop/textproject/include/Parse.h:36: Warning: explicit link request to 'movement::Area::Print' could not be resolved
<unknown>:11: Warning: explicit link request to 'movement::Area' could not be resolved
<unknown>:13: Warning: explicit link request to 'movement' could not be resolved
<unknown>:13: Warning: explicit link request to 'Print' could not be resolved
<unknown>:15: Warning: explicit link request to 'movement::Area::Print' could not be resolved
<unknown>:17: Warning: explicit link request to 'movement::Area' could not be resolved
/home/gilb2720/Desktop/textproject/src/Parse.cc:159: Warning: explicit link request to 'ActionName' could not be resolved
/home/gilb2720/Desktop/textproject/src/Parse.cc:160: Warning: explicit link request to 'Print' could not be resolved
/home/gilb2720/Desktop/textproject/src/Parse.cc:161: Warning: explicit link request to 'takeAction::ActionName::Print' could not be resolved
/home/gilb2720/Desktop/textproject/src/Parse.cc:167: Warning: explicit link request to 'takeAction::actionName::Print' could not be resolved
<unknown>:-1: Warning: explicit link request to 'takeAction::actionName::Print' could not be resolved
<unknown>:5: Warning: explicit link request to 'takeAction::actionName' could not be resolved
<unknown>:7: Warning: explicit link request to 'takeAction' could not be resolved
<unknown>:7: Warning: explicit link request to 'Print' could not be resolved
<unknown>:9: Warning: explicit link request to 'takeAction::actionName::Print' could not be resolved
<unknown>:12: Warning: explicit link request to 'Print' could not be resolved
<unknown>:13: Warning: explicit link request to 'takeAction::actionName' could not be resolved
<unknown>:15: Warning: explicit link request to 'takeAction::actionName::Print' could not be resolved
<unknown>:17: Warning: explicit link request to 'takeAction::actionName::Print' could not be resolved
<unknown>:19: Warning: explicit link request to 'takeAction::actionName' could not be resolved
<unknown>:21: Warning: explicit link request to 'takeAction::actionName::Print' could not be resolved
<unknown>:23: Warning: explicit link request to 'movement::Area' could not be resolved
<unknown>:25: Warning: explicit link request to 'takeAction::actionName::Print' could not be resolved
<unknown>:27: Warning: explicit link request to 'takeAction::actionName' could not be resolved
/home/gilb2720/Desktop/textproject/include/Inventory.h:66: Warning: argument 'istream' of command @param is not found in the argument list of Inventory::load(istream &)
/home/gilb2720/Desktop/textproject/include/Inventory.h:61: Warning: argument 'ostream' of command @param is not found in the argument list of Inventory::save(ostream &)
/home/gilb2720/Desktop/textproject/include/saveLoad.h:38: Warning: argument 'currentArea' of command @param is not found in the argument list of SaveLoad::load(Inventory &inventory, string &current, int &time)
/home/gilb2720/Desktop/textproject/include/saveLoad.h:38: Warning: The following parameters of SaveLoad::load(Inventory &inventory, string &current, int &time) are not documented:
  parameter 'current'
